<?xml version="1.0" encoding="UTF-8"?>
<!-- Generated by org.testng.reporters.JUnitXMLReporter -->
<testsuite hostname="Tom" name="Default test" tests="3" failures="0" timestamp="17 Mar 2015 12:19:56 GMT" time="0.063" errors="0">
  <testcase name="rangeToObstacleTest" time="0.016" classname="rp.robotics.mapping.GridMapTest"/>
  <testcase name="rectangularMapTest" time="0.015" classname="rp.robotics.mapping.GridMapTest"/>
  <testcase name="testMapTest" time="0.016" classname="rp.robotics.mapping.GridMapTest"/>
</testsuite> <!-- Default test -->
