<?xml version="1.0" encoding="UTF-8"?>
<testng-results skipped="0" failed="0" total="3" passed="3">
  <reporter-output>
  </reporter-output>
  <suite name="Default suite" duration-ms="63" started-at="2015-03-17T17:06:36Z" finished-at="2015-03-17T17:06:36Z">
    <groups>
    </groups>
    <test name="Default test" duration-ms="63" started-at="2015-03-17T17:06:36Z" finished-at="2015-03-17T17:06:36Z">
      <class name="rp.robotics.mapping.GridMapTest">
        <test-method status="PASS" signature="rangeToObstacleTest()[pri:0, instance:rp.robotics.mapping.GridMapTest@f7fe8e]" name="rangeToObstacleTest" duration-ms="16" started-at="2015-03-17T17:06:36Z" finished-at="2015-03-17T17:06:36Z">
          <reporter-output>
          </reporter-output>
        </test-method> <!-- rangeToObstacleTest -->
        <test-method status="PASS" signature="rectangularMapTest()[pri:0, instance:rp.robotics.mapping.GridMapTest@f7fe8e]" name="rectangularMapTest" duration-ms="31" started-at="2015-03-17T17:06:36Z" finished-at="2015-03-17T17:06:36Z">
          <reporter-output>
          </reporter-output>
        </test-method> <!-- rectangularMapTest -->
        <test-method status="PASS" signature="testMapTest()[pri:0, instance:rp.robotics.mapping.GridMapTest@f7fe8e]" name="testMapTest" duration-ms="0" started-at="2015-03-17T17:06:36Z" finished-at="2015-03-17T17:06:36Z">
          <reporter-output>
          </reporter-output>
        </test-method> <!-- testMapTest -->
      </class> <!-- rp.robotics.mapping.GridMapTest -->
    </test> <!-- Default test -->
  </suite> <!-- Default suite -->
</testng-results>
